<?xml version="1.0" encoding="UTF-8"?>
<!-- Generated by org.testng.reporters.JUnitReportReporter -->
<testsuite skipped="0" hostname="Home" name="Week9_Challenges.NewTest" tests="1" failures="0" timestamp="26 Jun 2018 12:25:56 GMT" time="7.728" errors="0">
  <testcase name="f" time="7.728" classname="Week9_Challenges.NewTest"/>
</testsuite> <!-- Week9_Challenges.NewTest -->
