<?xml version="1.0" encoding="UTF-8"?>
<!-- Generated by org.testng.reporters.JUnitReportReporter -->
<testsuite skipped="0" hostname="Home" name="week5homework.MatrixSpiral" tests="1" failures="0" timestamp="29 May 2018 05:59:04 GMT" time="7.733" errors="0">
  <testcase name="test" time="7.733" classname="week5homework.MatrixSpiral"/>
</testsuite> <!-- week5homework.MatrixSpiral -->
