<?xml version="1.0" encoding="UTF-8"?>
<!-- Generated by org.testng.reporters.JUnitReportReporter -->
<testsuite skipped="1" hostname="Home" name="leaf.Lead.EditLead" tests="1" failures="0" timestamp="27 May 2018 05:18:12 GMT" time="0.000" errors="0">
  <testcase name="editlead" time="0.000" classname="leaf.Lead.EditLead">
    <skipped/>
  </testcase> <!-- editlead -->
</testsuite> <!-- leaf.Lead.EditLead -->
