<?xml version="1.0" encoding="UTF-8"?>
<!-- Generated by org.testng.reporters.JUnitReportReporter -->
<testsuite skipped="0" hostname="Home" name="testNG.DuplicateLead" tests="1" failures="0" timestamp="06 Jun 2018 08:34:47 GMT" time="147.707" errors="0">
  <testcase name="duplicateLead" time="147.707" classname="testNG.DuplicateLead"/>
</testsuite> <!-- testNG.DuplicateLead -->
