<?xml version="1.0" encoding="UTF-8"?>
<!-- Generated by org.testng.reporters.JUnitReportReporter -->
<testsuite skipped="0" hostname="Home" name="SeleniumChallenges.ScrollBar" tests="1" failures="0" timestamp="29 Jun 2018 05:42:16 GMT" time="126.493" errors="0">
  <testcase name="main" time="126.493" classname="SeleniumChallenges.ScrollBar"/>
</testsuite> <!-- SeleniumChallenges.ScrollBar -->
