<?xml version="1.0" encoding="UTF-8"?>
<!-- Generated by org.testng.reporters.JUnitReportReporter -->
<testsuite skipped="0" hostname="Home" name="testcases.EditLead" tests="1" failures="0" timestamp="26 May 2018 04:28:56 GMT" time="176.462" errors="0">
  <testcase name="Editlead" time="176.462" classname="testcases.EditLead"/>
</testsuite> <!-- testcases.EditLead -->
