<?xml version="1.0" encoding="UTF-8"?>
<!-- Generated by org.testng.reporters.JUnitReportReporter -->
<testsuite skipped="0" hostname="Home" name="testNG.MergeLead" tests="1" failures="0" timestamp="27 May 2018 04:09:57 GMT" time="97.664" errors="0">
  <testcase name="mergelead" time="97.664" classname="testNG.MergeLead"/>
</testsuite> <!-- testNG.MergeLead -->
