<?xml version="1.0" encoding="UTF-8"?>
<!-- Generated by org.testng.reporters.JUnitReportReporter -->
<testsuite skipped="0" hostname="Home" name="grid.Leaftaps" tests="1" failures="0" timestamp="18 Jun 2018 07:53:22 GMT" time="68.249" errors="0">
  <testcase name="login" time="68.249" classname="grid.Leaftaps"/>
</testsuite> <!-- grid.Leaftaps -->
