<?xml version="1.0" encoding="UTF-8"?>
<!-- Generated by org.testng.reporters.JUnitReportReporter -->
<testsuite skipped="0" hostname="Home" name="testNG.DependsOnMethodClass" tests="4" failures="0" timestamp="31 May 2018 06:37:24 GMT" time="0.063" errors="0">
  <testcase name="method3" time="0.000" classname="testNG.DependsOnMethodClass"/>
  <testcase name="method4" time="0.016" classname="testNG.DependsOnMethodClass"/>
  <testcase name="method1" time="0.031" classname="testNG.DependsOnMethodClass"/>
  <testcase name="method2" time="0.016" classname="testNG.DependsOnMethodClass"/>
</testsuite> <!-- testNG.DependsOnMethodClass -->
