<?xml version="1.0" encoding="UTF-8"?>
<!-- Generated by org.testng.reporters.JUnitReportReporter -->
<testsuite skipped="0" hostname="Home" name="leaf.Contact.CreateContact" tests="1" failures="0" timestamp="26 May 2018 17:49:41 GMT" time="169.240" errors="0">
  <testcase name="createContact" time="169.240" classname="leaf.Contact.CreateContact"/>
</testsuite> <!-- leaf.Contact.CreateContact -->
