<?xml version="1.0" encoding="UTF-8"?>
<!-- Generated by org.testng.reporters.JUnitReportReporter -->
<testsuite skipped="0" hostname="Home" name="testNG.CreateLead" tests="1" failures="0" timestamp="06 Jun 2018 08:27:27 GMT" time="192.896" errors="0">
  <testcase name="createLead" time="192.896" classname="testNG.CreateLead"/>
</testsuite> <!-- testNG.CreateLead -->
