<?xml version="1.0" encoding="UTF-8"?>
<!-- Generated by org.testng.reporters.JUnitReportReporter -->
<testsuite skipped="0" hostname="Home" name="testcases.CreateLead" tests="1" failures="0" timestamp="26 May 2018 04:28:56 GMT" time="111.141" errors="0">
  <testcase name="createLead" time="111.141" classname="testcases.CreateLead"/>
</testsuite> <!-- testcases.CreateLead -->
