<?xml version="1.0" encoding="UTF-8"?>
<!-- Generated by org.testng.reporters.JUnitReportReporter -->
<testsuite skipped="1" hostname="Home" name="leaf.Lead.DeleteLead" tests="1" failures="0" timestamp="27 May 2018 05:18:13 GMT" time="0.000" errors="0">
  <testcase name="deleteLead" time="0.000" classname="leaf.Lead.DeleteLead">
    <skipped/>
  </testcase> <!-- deleteLead -->
</testsuite> <!-- leaf.Lead.DeleteLead -->
